#
# There is insufficient memory for the Java Runtime Environment to continue.
# Native memory allocation (mmap) failed to map 1073741824 bytes for committing reserved memory.
# Possible reasons:
#   The system is out of physical RAM or swap space
#   In 32 bit mode, the process size limit was hit
# Possible solutions:
#   Reduce memory load on the system
#   Increase physical memory or swap space
#   Check if swap backing store is full
#   Use 64 bit Java on a 64 bit OS
#   Decrease Java heap size (-Xmx/-Xms)
#   Decrease number of Java threads
#   Decrease Java thread stack sizes (-Xss)
#   Set larger code cache with -XX:ReservedCodeCacheSize=
# This output file may be truncated or incomplete.
#
#  Out of Memory Error (os_linux.cpp:2643), pid=15585, tid=0x00007f270adf8700
#
# JRE version:  (8.0_171-b11) (build )
# Java VM: OpenJDK 64-Bit Server VM (25.171-b11 mixed mode linux-amd64 compressed oops)
# Failed to write core dump. Core dumps have been disabled. To enable core dumping, try "ulimit -c unlimited" before starting Java again
#

---------------  T H R E A D  ---------------

Current thread (0x00007f270400f800):  JavaThread "Unknown thread" [_thread_in_vm, id=15840, stack(0x00007f270acf8000,0x00007f270adf9000)]

Stack: [0x00007f270acf8000,0x00007f270adf9000],  sp=0x00007f270adf73e0,  free space=1020k
Native frames: (J=compiled Java code, j=interpreted, Vv=VM code, C=native code)
V  [libjvm.so+0xaab4b2]
V  [libjvm.so+0x4d7a57]
V  [libjvm.so+0x8e6896]
V  [libjvm.so+0x8e0fbc]
V  [libjvm.so+0x5a6974]
V  [libjvm.so+0x5a69fe]
V  [libjvm.so+0x5a9595]
V  [libjvm.so+0x60f176]
V  [libjvm.so+0x6102be]
V  [libjvm.so+0x6107c8]
V  [libjvm.so+0x5826fa]
V  [libjvm.so+0x58ca6c]
V  [libjvm.so+0xa6daaa]
V  [libjvm.so+0xa6dd95]
V  [libjvm.so+0x623d5f]
V  [libjvm.so+0xa514eb]
V  [libjvm.so+0x6a6db1]  JNI_CreateJavaVM+0x61
C  [libjli.so+0x2ce3]
C  [libjli.so+0x777d]
C  [libpthread.so.0+0x77fc]  start_thread+0xdc


---------------  P R O C E S S  ---------------

Java Threads: ( => current thread )

Other Threads:

=>0x00007f270400f800 (exited) JavaThread "Unknown thread" [_thread_in_vm, id=15840, stack(0x00007f270acf8000,0x00007f270adf9000)]

VM state:not at safepoint (not fully initialized)

VM Mutex/Monitor currently owned by a thread:  ([mutex/lock_event])
[0x00007f270400c5e0] Heap_lock - owner thread: 0x00007f270400f800

GC Heap History (0 events):
No events

Deoptimization events (0 events):
No events

Classes redefined (0 events):
No events

Internal exceptions (0 events):
No events

Events (0 events):
No events


Dynamic libraries:
559d5cb40000-559d5cb41000 r-xp 00000000 08:01 6031942                    /usr/lib/jvm/java-8-openjdk-amd64/jre/bin/java
559d5cd40000-559d5cd41000 r--p 00000000 08:01 6031942                    /usr/lib/jvm/java-8-openjdk-amd64/jre/bin/java
559d5cd41000-559d5cd42000 rw-p 00001000 08:01 6031942                    /usr/lib/jvm/java-8-openjdk-amd64/jre/bin/java
559d5d7db000-559d5d7fc000 rw-p 00000000 00:00 0                          [heap]
7f26c0000000-7f26c0021000 rw-p 00000000 00:00 0 
7f26c0021000-7f26c4000000 ---p 00000000 00:00 0 
7f26c6000000-7f26c8000000 rw-p 00000000 00:00 0 
7f26c8000000-7f26c8021000 rw-p 00000000 00:00 0 
7f26c8021000-7f26cc000000 ---p 00000000 00:00 0 
7f26cc000000-7f26cc021000 rw-p 00000000 00:00 0 
7f26cc021000-7f26d0000000 ---p 00000000 00:00 0 
7f26d0000000-7f26d0021000 rw-p 00000000 00:00 0 
7f26d0021000-7f26d4000000 ---p 00000000 00:00 0 
7f26d4000000-7f26d4021000 rw-p 00000000 00:00 0 
7f26d4021000-7f26d8000000 ---p 00000000 00:00 0 
7f26d8000000-7f26d8021000 rw-p 00000000 00:00 0 
7f26d8021000-7f26dc000000 ---p 00000000 00:00 0 
7f26dc000000-7f26dc021000 rw-p 00000000 00:00 0 
7f26dc021000-7f26e0000000 ---p 00000000 00:00 0 
7f26e0000000-7f26e0021000 rw-p 00000000 00:00 0 
7f26e0021000-7f26e4000000 ---p 00000000 00:00 0 
7f26e4000000-7f26e4021000 rw-p 00000000 00:00 0 
7f26e4021000-7f26e8000000 ---p 00000000 00:00 0 
7f26e8000000-7f26e8021000 rw-p 00000000 00:00 0 
7f26e8021000-7f26ec000000 ---p 00000000 00:00 0 
7f26ec6ef000-7f26ecaf3000 rw-p 00000000 00:00 0 
7f26ecaf3000-7f26ecaf4000 ---p 00000000 00:00 0 
7f26ecaf4000-7f26ecbf4000 rw-p 00000000 00:00 0 
7f26ecbf4000-7f26ecbf5000 ---p 00000000 00:00 0 
7f26ecbf5000-7f26eccf5000 rw-p 00000000 00:00 0 
7f26eccf5000-7f26ef4f5000 ---p 00000000 00:00 0 
7f26ef4f5000-7f26ef4f6000 ---p 00000000 00:00 0 
7f26ef4f6000-7f26ef5f6000 rw-p 00000000 00:00 0 
7f26ef5f6000-7f26ef5f7000 ---p 00000000 00:00 0 
7f26ef5f7000-7f26ef6f7000 rw-p 00000000 00:00 0 
7f26ef6f7000-7f26ef6f8000 ---p 00000000 00:00 0 
7f26ef6f8000-7f26ef7f8000 rw-p 00000000 00:00 0 
7f26ef7f8000-7f26ef7f9000 ---p 00000000 00:00 0 
7f26ef7f9000-7f26ef8f9000 rw-p 00000000 00:00 0 
7f26ef8f9000-7f26ef8fa000 ---p 00000000 00:00 0 
7f26ef8fa000-7f26efdfe000 rw-p 00000000 00:00 0 
7f26efdfe000-7f26efdff000 ---p 00000000 00:00 0 
7f26efdff000-7f26efeff000 rw-p 00000000 00:00 0 
7f26efeff000-7f26eff00000 ---p 00000000 00:00 0 
7f26eff00000-7f26f0000000 rw-p 00000000 00:00 0 
7f26f0000000-7f26f0021000 rw-p 00000000 00:00 0 
7f26f0021000-7f26f4000000 ---p 00000000 00:00 0 
7f26f4073000-7f26f40f5000 rw-p 00000000 00:00 0 
7f26f40f5000-7f26f40f6000 ---p 00000000 00:00 0 
7f26f40f6000-7f26f4200000 rw-p 00000000 00:00 0 
7f26f4200000-7f26f45b6000 ---p 00000000 00:00 0 
7f26f45b6000-7f26f4826000 rwxp 00000000 00:00 0 
7f26f4826000-7f27035b6000 ---p 00000000 00:00 0 
7f27035b6000-7f27035be000 r-xp 00000000 08:01 6036723                    /usr/lib/jvm/java-8-openjdk-amd64/jre/lib/amd64/libzip.so
7f27035be000-7f27037bd000 ---p 00008000 08:01 6036723                    /usr/lib/jvm/java-8-openjdk-amd64/jre/lib/amd64/libzip.so
7f27037bd000-7f27037be000 r--p 00007000 08:01 6036723                    /usr/lib/jvm/java-8-openjdk-amd64/jre/lib/amd64/libzip.so
7f27037be000-7f27037bf000 rw-p 00008000 08:01 6036723                    /usr/lib/jvm/java-8-openjdk-amd64/jre/lib/amd64/libzip.so
7f27037bf000-7f27037ca000 r-xp 00000000 08:01 4198854                    /lib/x86_64-linux-gnu/libnss_files-2.26.so
7f27037ca000-7f27039c9000 ---p 0000b000 08:01 4198854                    /lib/x86_64-linux-gnu/libnss_files-2.26.so
7f27039c9000-7f27039ca000 r--p 0000a000 08:01 4198854                    /lib/x86_64-linux-gnu/libnss_files-2.26.so
7f27039ca000-7f27039cb000 rw-p 0000b000 08:01 4198854                    /lib/x86_64-linux-gnu/libnss_files-2.26.so
7f27039cb000-7f27039d1000 rw-p 00000000 00:00 0 
7f27039d1000-7f27039dc000 r-xp 00000000 08:01 4198934                    /lib/x86_64-linux-gnu/libnss_nis-2.26.so
7f27039dc000-7f2703bdb000 ---p 0000b000 08:01 4198934                    /lib/x86_64-linux-gnu/libnss_nis-2.26.so
7f2703bdb000-7f2703bdc000 r--p 0000a000 08:01 4198934                    /lib/x86_64-linux-gnu/libnss_nis-2.26.so
7f2703bdc000-7f2703bdd000 rw-p 0000b000 08:01 4198934                    /lib/x86_64-linux-gnu/libnss_nis-2.26.so
7f2703bdd000-7f2703bf4000 r-xp 00000000 08:01 4198816                    /lib/x86_64-linux-gnu/libnsl-2.26.so
7f2703bf4000-7f2703df3000 ---p 00017000 08:01 4198816                    /lib/x86_64-linux-gnu/libnsl-2.26.so
7f2703df3000-7f2703df4000 r--p 00016000 08:01 4198816                    /lib/x86_64-linux-gnu/libnsl-2.26.so
7f2703df4000-7f2703df5000 rw-p 00017000 08:01 4198816                    /lib/x86_64-linux-gnu/libnsl-2.26.so
7f2703df5000-7f2703df7000 rw-p 00000000 00:00 0 
7f2703df7000-7f2703dff000 r-xp 00000000 08:01 4198839                    /lib/x86_64-linux-gnu/libnss_compat-2.26.so
7f2703dff000-7f2703ffe000 ---p 00008000 08:01 4198839                    /lib/x86_64-linux-gnu/libnss_compat-2.26.so
7f2703ffe000-7f2703fff000 r--p 00007000 08:01 4198839                    /lib/x86_64-linux-gnu/libnss_compat-2.26.so
7f2703fff000-7f2704000000 rw-p 00008000 08:01 4198839                    /lib/x86_64-linux-gnu/libnss_compat-2.26.so
7f2704000000-7f270406e000 rw-p 00000000 00:00 0 
7f270406e000-7f2708000000 ---p 00000000 00:00 0 
7f270801b000-7f270801c000 ---p 00000000 00:00 0 
7f270801c000-7f270811c000 rw-p 00000000 00:00 0 
7f270811c000-7f270814a000 r-xp 00000000 08:01 6036704                    /usr/lib/jvm/java-8-openjdk-amd64/jre/lib/amd64/libjava.so
7f270814a000-7f2708349000 ---p 0002e000 08:01 6036704                    /usr/lib/jvm/java-8-openjdk-amd64/jre/lib/amd64/libjava.so
7f2708349000-7f270834a000 r--p 0002d000 08:01 6036704                    /usr/lib/jvm/java-8-openjdk-amd64/jre/lib/amd64/libjava.so
7f270834a000-7f270834c000 rw-p 0002e000 08:01 6036704                    /usr/lib/jvm/java-8-openjdk-amd64/jre/lib/amd64/libjava.so
7f270834c000-7f270835c000 r-xp 00000000 08:01 6036722                    /usr/lib/jvm/java-8-openjdk-amd64/jre/lib/amd64/libverify.so
7f270835c000-7f270855b000 ---p 00010000 08:01 6036722                    /usr/lib/jvm/java-8-openjdk-amd64/jre/lib/amd64/libverify.so
7f270855b000-7f270855d000 r--p 0000f000 08:01 6036722                    /usr/lib/jvm/java-8-openjdk-amd64/jre/lib/amd64/libverify.so
7f270855d000-7f270855e000 rw-p 00011000 08:01 6036722                    /usr/lib/jvm/java-8-openjdk-amd64/jre/lib/amd64/libverify.so
7f270855e000-7f2708565000 r-xp 00000000 08:01 4198976                    /lib/x86_64-linux-gnu/librt-2.26.so
7f2708565000-7f2708764000 ---p 00007000 08:01 4198976                    /lib/x86_64-linux-gnu/librt-2.26.so
7f2708764000-7f2708765000 r--p 00006000 08:01 4198976                    /lib/x86_64-linux-gnu/librt-2.26.so
7f2708765000-7f2708766000 rw-p 00007000 08:01 4198976                    /lib/x86_64-linux-gnu/librt-2.26.so
7f2708766000-7f270877c000 r-xp 00000000 08:01 4199476                    /lib/x86_64-linux-gnu/libgcc_s.so.1
7f270877c000-7f270897b000 ---p 00016000 08:01 4199476                    /lib/x86_64-linux-gnu/libgcc_s.so.1
7f270897b000-7f270897c000 r--p 00015000 08:01 4199476                    /lib/x86_64-linux-gnu/libgcc_s.so.1
7f270897c000-7f270897d000 rw-p 00016000 08:01 4199476                    /lib/x86_64-linux-gnu/libgcc_s.so.1
7f270897d000-7f2708ad2000 r-xp 00000000 08:01 4198813                    /lib/x86_64-linux-gnu/libm-2.26.so
7f2708ad2000-7f2708cd1000 ---p 00155000 08:01 4198813                    /lib/x86_64-linux-gnu/libm-2.26.so
7f2708cd1000-7f2708cd2000 r--p 00154000 08:01 4198813                    /lib/x86_64-linux-gnu/libm-2.26.so
7f2708cd2000-7f2708cd3000 rw-p 00155000 08:01 4198813                    /lib/x86_64-linux-gnu/libm-2.26.so
7f2708cd3000-7f2708e4b000 r-xp 00000000 08:01 6030094                    /usr/lib/x86_64-linux-gnu/libstdc++.so.6.0.24
7f2708e4b000-7f270904a000 ---p 00178000 08:01 6030094                    /usr/lib/x86_64-linux-gnu/libstdc++.so.6.0.24
7f270904a000-7f2709054000 r--p 00177000 08:01 6030094                    /usr/lib/x86_64-linux-gnu/libstdc++.so.6.0.24
7f2709054000-7f2709056000 rw-p 00181000 08:01 6030094                    /usr/lib/x86_64-linux-gnu/libstdc++.so.6.0.24
7f2709056000-7f2709059000 rw-p 00000000 00:00 0 
7f2709059000-7f2709cea000 r-xp 00000000 08:01 6036725                    /usr/lib/jvm/java-8-openjdk-amd64/jre/lib/amd64/server/libjvm.so
7f2709cea000-7f2709eea000 ---p 00c91000 08:01 6036725                    /usr/lib/jvm/java-8-openjdk-amd64/jre/lib/amd64/server/libjvm.so
7f2709eea000-7f2709f7d000 r--p 00c91000 08:01 6036725                    /usr/lib/jvm/java-8-openjdk-amd64/jre/lib/amd64/server/libjvm.so
7f2709f7d000-7f2709fa5000 rw-p 00d24000 08:01 6036725                    /usr/lib/jvm/java-8-openjdk-amd64/jre/lib/amd64/server/libjvm.so
7f2709fa5000-7f2709fd6000 rw-p 00000000 00:00 0 
7f2709fd6000-7f2709ff0000 r-xp 00000000 08:01 4198974                    /lib/x86_64-linux-gnu/libpthread-2.26.so
7f2709ff0000-7f270a1ef000 ---p 0001a000 08:01 4198974                    /lib/x86_64-linux-gnu/libpthread-2.26.so
7f270a1ef000-7f270a1f0000 r--p 00019000 08:01 4198974                    /lib/x86_64-linux-gnu/libpthread-2.26.so
7f270a1f0000-7f270a1f1000 rw-p 0001a000 08:01 4198974                    /lib/x86_64-linux-gnu/libpthread-2.26.so
7f270a1f1000-7f270a1f5000 rw-p 00000000 00:00 0 
7f270a1f5000-7f270a1f8000 r-xp 00000000 08:01 4198812                    /lib/x86_64-linux-gnu/libdl-2.26.so
7f270a1f8000-7f270a3f7000 ---p 00003000 08:01 4198812                    /lib/x86_64-linux-gnu/libdl-2.26.so
7f270a3f7000-7f270a3f8000 r--p 00002000 08:01 4198812                    /lib/x86_64-linux-gnu/libdl-2.26.so
7f270a3f8000-7f270a3f9000 rw-p 00003000 08:01 4198812                    /lib/x86_64-linux-gnu/libdl-2.26.so
7f270a3f9000-7f270a415000 r-xp 00000000 08:01 4198972                    /lib/x86_64-linux-gnu/libz.so.1.2.11
7f270a415000-7f270a614000 ---p 0001c000 08:01 4198972                    /lib/x86_64-linux-gnu/libz.so.1.2.11
7f270a614000-7f270a615000 r--p 0001b000 08:01 4198972                    /lib/x86_64-linux-gnu/libz.so.1.2.11
7f270a615000-7f270a616000 rw-p 0001c000 08:01 4198972                    /lib/x86_64-linux-gnu/libz.so.1.2.11
7f270a616000-7f270a7ec000 r-xp 00000000 08:01 4198736                    /lib/x86_64-linux-gnu/libc-2.26.so
7f270a7ec000-7f270a9ec000 ---p 001d6000 08:01 4198736                    /lib/x86_64-linux-gnu/libc-2.26.so
7f270a9ec000-7f270a9f0000 r--p 001d6000 08:01 4198736                    /lib/x86_64-linux-gnu/libc-2.26.so
7f270a9f0000-7f270a9f2000 rw-p 001da000 08:01 4198736                    /lib/x86_64-linux-gnu/libc-2.26.so
7f270a9f2000-7f270a9f6000 rw-p 00000000 00:00 0 
7f270a9f6000-7f270aa04000 r-xp 00000000 08:01 6033117                    /usr/lib/jvm/java-8-openjdk-amd64/jre/lib/amd64/jli/libjli.so
7f270aa04000-7f270ac03000 ---p 0000e000 08:01 6033117                    /usr/lib/jvm/java-8-openjdk-amd64/jre/lib/amd64/jli/libjli.so
7f270ac03000-7f270ac04000 r--p 0000d000 08:01 6033117                    /usr/lib/jvm/java-8-openjdk-amd64/jre/lib/amd64/jli/libjli.so
7f270ac04000-7f270ac05000 rw-p 0000e000 08:01 6033117                    /usr/lib/jvm/java-8-openjdk-amd64/jre/lib/amd64/jli/libjli.so
7f270ac05000-7f270ac2c000 r-xp 00000000 08:01 4194318                    /lib/x86_64-linux-gnu/ld-2.26.so
7f270ac35000-7f270acf8000 rw-p 00000000 00:00 0 
7f270acf8000-7f270acfb000 ---p 00000000 00:00 0 
7f270acfb000-7f270adfb000 rw-p 00000000 00:00 0 
7f270ae20000-7f270ae28000 rw-s 00000000 08:01 9582325                    /tmp/hsperfdata_root/15585
7f270ae28000-7f270ae29000 rw-p 00000000 00:00 0 
7f270ae29000-7f270ae2a000 r--p 00000000 00:00 0 
7f270ae2a000-7f270ae2c000 rw-p 00000000 00:00 0 
7f270ae2c000-7f270ae2d000 r--p 00027000 08:01 4194318                    /lib/x86_64-linux-gnu/ld-2.26.so
7f270ae2d000-7f270ae2e000 rw-p 00028000 08:01 4194318                    /lib/x86_64-linux-gnu/ld-2.26.so
7f270ae2e000-7f270ae2f000 rw-p 00000000 00:00 0 
7fff324b3000-7fff324d5000 rw-p 00000000 00:00 0                          [stack]
7fff325a8000-7fff325ab000 r--p 00000000 00:00 0                          [vvar]
7fff325ab000-7fff325ad000 r-xp 00000000 00:00 0                          [vdso]
ffffffffff600000-ffffffffff601000 r-xp 00000000 00:00 0                  [vsyscall]

VM Arguments:
jvm_args: -Xmx1G -Xms1G -XX:+UseG1GC -XX:MaxGCPauseMillis=20 -XX:InitiatingHeapOccupancyPercent=35 -XX:+ExplicitGCInvokesConcurrent -Djava.awt.headless=true -Xloggc:/opt/kafka/bin/../logs/kafkaServer-gc.log -verbose:gc -XX:+PrintGCDetails -XX:+PrintGCDateStamps -XX:+PrintGCTimeStamps -XX:+UseGCLogFileRotation -XX:NumberOfGCLogFiles=10 -XX:GCLogFileSize=100M -Dcom.sun.management.jmxremote -Dcom.sun.management.jmxremote.authenticate=false -Dcom.sun.management.jmxremote.ssl=false -Dkafka.logs.dir=/opt/kafka/bin/../logs -Dlog4j.configuration=file:/opt/kafka/bin/../config/log4j.properties 
java_command: kafka.Kafka /opt/kafka/config/server.properties
java_class_path (initial): /opt/kafka/bin/../libs/aopalliance-repackaged-2.5.0-b32.jar:/opt/kafka/bin/../libs/argparse4j-0.7.0.jar:/opt/kafka/bin/../libs/commons-lang3-3.5.jar:/opt/kafka/bin/../libs/connect-api-1.1.0.jar:/opt/kafka/bin/../libs/connect-file-1.1.0.jar:/opt/kafka/bin/../libs/connect-json-1.1.0.jar:/opt/kafka/bin/../libs/connect-runtime-1.1.0.jar:/opt/kafka/bin/../libs/connect-transforms-1.1.0.jar:/opt/kafka/bin/../libs/guava-20.0.jar:/opt/kafka/bin/../libs/hk2-api-2.5.0-b32.jar:/opt/kafka/bin/../libs/hk2-locator-2.5.0-b32.jar:/opt/kafka/bin/../libs/hk2-utils-2.5.0-b32.jar:/opt/kafka/bin/../libs/jackson-annotations-2.9.4.jar:/opt/kafka/bin/../libs/jackson-core-2.9.4.jar:/opt/kafka/bin/../libs/jackson-databind-2.9.4.jar:/opt/kafka/bin/../libs/jackson-jaxrs-base-2.9.4.jar:/opt/kafka/bin/../libs/jackson-jaxrs-json-provider-2.9.4.jar:/opt/kafka/bin/../libs/jackson-module-jaxb-annotations-2.9.4.jar:/opt/kafka/bin/../libs/javassist-3.20.0-GA.jar:/opt/kafka/bin/../libs/javassist-3.21.0-GA.jar:/opt/kafka/bin/../libs/javax.annotation-api-1.2.jar:/opt/kafka/bin/../libs/javax.inject-1.jar:/opt/kafka/bin/../libs/javax.inject-2.5.0-b32.jar:/opt/kafka/bin/../libs/javax.servlet-api-3.1.0.jar:/opt/kafka/bin/../libs/javax.ws.rs-api-2.0.1.jar:/opt/kafka/bin/../libs/jersey-client-2.25.1.jar:/opt/kafka/bin/../libs/jersey-common-2.25.1.jar:/opt/kafka/bin/../libs/jersey-container-servlet-2.25.1.jar:/opt/kafka/bin/../libs/jersey-container-servlet-core-2.25.1.jar:/opt/kafka/bin/../libs/jersey-guava-2.25.1.jar:/opt/kafka/bin/../libs/jersey-media-jaxb-2.25.1.jar:/opt/kafka/bin/../libs/jersey-server-2.25.1.jar:/opt/kafka/bin/../libs/jetty-client-9.2.24.v20180105.jar:/opt/kafka/bin/../libs/jetty-continuation-9.2.24.v20180105.jar:/opt/kafka/bin/../libs/jetty-http-9.2.24.v20180105.jar:/opt/kafka/bin/../libs/jetty-io-9.2.24.v20180105.jar:/opt/kafka/bin/../libs/jetty-security-9.2.24.v20180105.jar:/opt/kafka/bin/../libs/jetty-server-9.2.24.v20180105.jar:/opt/kafka/bin/../libs/jetty-s
Launcher Type: SUN_STANDARD

Environment Variables:
PATH=/usr/local/sbin:/usr/local/bin:/usr/sbin:/usr/bin:/sbin:/bin:/snap/bin
USERNAME=root
SHELL=/bin/bash
DISPLAY=:0

Signal Handlers:
SIGSEGV: [libjvm.so+0xaabe00], sa_mask[0]=11111111011111111101111111111110, sa_flags=SA_RESTART|SA_SIGINFO
SIGBUS: [libjvm.so+0xaabe00], sa_mask[0]=11111111011111111101111111111110, sa_flags=SA_RESTART|SA_SIGINFO
SIGFPE: [libjvm.so+0x8e1dd0], sa_mask[0]=11111111011111111101111111111110, sa_flags=SA_RESTART|SA_SIGINFO
SIGPIPE: [libjvm.so+0x8e1dd0], sa_mask[0]=11111111011111111101111111111110, sa_flags=SA_RESTART|SA_SIGINFO
SIGXFSZ: [libjvm.so+0x8e1dd0], sa_mask[0]=11111111011111111101111111111110, sa_flags=SA_RESTART|SA_SIGINFO
SIGILL: [libjvm.so+0x8e1dd0], sa_mask[0]=11111111011111111101111111111110, sa_flags=SA_RESTART|SA_SIGINFO
SIGUSR1: SIG_DFL, sa_mask[0]=00000000000000000000000000000000, sa_flags=none
SIGUSR2: [libjvm.so+0x8e1c80], sa_mask[0]=00000000000000000000000000000000, sa_flags=SA_RESTART|SA_SIGINFO
SIGHUP: SIG_DFL, sa_mask[0]=00000000000000000000000000000000, sa_flags=none
SIGINT: SIG_DFL, sa_mask[0]=00000000000000000000000000000000, sa_flags=none
SIGTERM: SIG_DFL, sa_mask[0]=00000000000000000000000000000000, sa_flags=none
SIGQUIT: SIG_DFL, sa_mask[0]=00000000000000000000000000000000, sa_flags=none


---------------  S Y S T E M  ---------------

OS:DISTRIB_ID=Ubuntu
DISTRIB_RELEASE=17.10
DISTRIB_CODENAME=artful
DISTRIB_DESCRIPTION="Ubuntu 17.10"

uname:Linux 4.13.0-46-generic #51-Ubuntu SMP Tue Jun 12 12:36:29 UTC 2018 x86_64
libc:glibc 2.26 NPTL 2.26 
rlimit: STACK 8192k, CORE 0k, NPROC 29789, NOFILE 1048576, AS infinity
load average:3.35 2.85 1.86

/proc/meminfo:
MemTotal:        7680388 kB
MemFree:          123308 kB
MemAvailable:     350288 kB
Buffers:           76948 kB
Cached:           575528 kB
SwapCached:        11088 kB
Active:          6021996 kB
Inactive:        1044052 kB
Active(anon):    5822400 kB
Inactive(anon):   890268 kB
Active(file):     199596 kB
Inactive(file):   153784 kB
Unevictable:          32 kB
Mlocked:              32 kB
SwapTotal:       2097148 kB
SwapFree:         104876 kB
Dirty:               724 kB
Writeback:            32 kB
AnonPages:       6403024 kB
Mapped:           376540 kB
Shmem:            299172 kB
Slab:             290944 kB
SReclaimable:     177416 kB
SUnreclaim:       113528 kB
KernelStack:       25756 kB
PageTables:       102760 kB
NFS_Unstable:          0 kB
Bounce:                0 kB
WritebackTmp:          0 kB
CommitLimit:     5937340 kB
Committed_AS:   22355260 kB
VmallocTotal:   34359738367 kB
VmallocUsed:           0 kB
VmallocChunk:          0 kB
HardwareCorrupted:     0 kB
AnonHugePages:    131072 kB
ShmemHugePages:        0 kB
ShmemPmdMapped:        0 kB
CmaTotal:              0 kB
CmaFree:               0 kB
HugePages_Total:       0
HugePages_Free:        0
HugePages_Rsvd:        0
HugePages_Surp:        0
Hugepagesize:       2048 kB
DirectMap4k:      287792 kB
DirectMap2M:     7606272 kB
DirectMap1G:     1048576 kB


CPU:total 4 (initial active 4) (2 cores per cpu, 2 threads per core) family 6 model 61 stepping 4, cmov, cx8, fxsr, mmx, sse, sse2, sse3, ssse3, sse4.1, sse4.2, popcnt, avx, avx2, aes, clmul, erms, rtm, 3dnowpref, lzcnt, ht, tsc, tscinvbit, bmi1, bmi2, adx

/proc/cpuinfo:
processor	: 0
vendor_id	: GenuineIntel
cpu family	: 6
model		: 61
model name	: Intel(R) Core(TM) i7-5600U CPU @ 2.60GHz
stepping	: 4
microcode	: 0x2a
cpu MHz		: 2546.594
cache size	: 4096 KB
physical id	: 0
siblings	: 4
core id		: 0
cpu cores	: 2
apicid		: 0
initial apicid	: 0
fpu		: yes
fpu_exception	: yes
cpuid level	: 20
wp		: yes
flags		: fpu vme de pse tsc msr pae mce cx8 apic sep mtrr pge mca cmov pat pse36 clflush dts acpi mmx fxsr sse sse2 ss ht tm pbe syscall nx pdpe1gb rdtscp lm constant_tsc arch_perfmon pebs bts rep_good nopl xtopology nonstop_tsc cpuid aperfmperf pni pclmulqdq dtes64 monitor ds_cpl vmx smx est tm2 ssse3 sdbg fma cx16 xtpr pdcm pcid sse4_1 sse4_2 x2apic movbe popcnt tsc_deadline_timer aes xsave avx f16c rdrand lahf_lm abm 3dnowprefetch cpuid_fault epb invpcid_single pti retpoline intel_pt spec_ctrl tpr_shadow vnmi flexpriority ept vpid fsgsbase tsc_adjust bmi1 hle avx2 smep bmi2 erms invpcid rtm rdseed adx smap xsaveopt dtherm ida arat pln pts
bugs		: cpu_meltdown spectre_v1 spectre_v2 spec_store_bypass
bogomips	: 5188.09
clflush size	: 64
cache_alignment	: 64
address sizes	: 39 bits physical, 48 bits virtual
power management:

processor	: 1
vendor_id	: GenuineIntel
cpu family	: 6
model		: 61
model name	: Intel(R) Core(TM) i7-5600U CPU @ 2.60GHz
stepping	: 4
microcode	: 0x2a
cpu MHz		: 2662.260
cache size	: 4096 KB
physical id	: 0
siblings	: 4
core id		: 1
cpu cores	: 2
apicid		: 2
initial apicid	: 2
fpu		: yes
fpu_exception	: yes
cpuid level	: 20
wp		: yes
flags		: fpu vme de pse tsc msr pae mce cx8 apic sep mtrr pge mca cmov pat pse36 clflush dts acpi mmx fxsr sse sse2 ss ht tm pbe syscall nx pdpe1gb rdtscp lm constant_tsc arch_perfmon pebs bts rep_good nopl xtopology nonstop_tsc cpuid aperfmperf pni pclmulqdq dtes64 monitor ds_cpl vmx smx est tm2 ssse3 sdbg fma cx16 xtpr pdcm pcid sse4_1 sse4_2 x2apic movbe popcnt tsc_deadline_timer aes xsave avx f16c rdrand lahf_lm abm 3dnowprefetch cpuid_fault epb invpcid_single pti retpoline intel_pt spec_ctrl tpr_shadow vnmi flexpriority ept vpid fsgsbase tsc_adjust bmi1 hle avx2 smep bmi2 erms invpcid rtm rdseed adx smap xsaveopt dtherm ida arat pln pts
bugs		: cpu_meltdown spectre_v1 spectre_v2 spec_store_bypass
bogomips	: 5188.09
clflush size	: 64
cache_alignment	: 64
address sizes	: 39 bits physical, 48 bits virtual
power management:

processor	: 2
vendor_id	: GenuineIntel
cpu family	: 6
model		: 61
model name	: Intel(R) Core(TM) i7-5600U CPU @ 2.60GHz
stepping	: 4
microcode	: 0x2a
cpu MHz		: 2631.587
cache size	: 4096 KB
physical id	: 0
siblings	: 4
core id		: 0
cpu cores	: 2
apicid		: 1
initial apicid	: 1
fpu		: yes
fpu_exception	: yes
cpuid level	: 20
wp		: yes
flags		: fpu vme de pse tsc msr pae mce cx8 apic sep mtrr pge mca cmov pat pse36 clflush dts acpi mmx fxsr sse sse2 ss ht tm pbe syscall nx pdpe1gb rdtscp lm constant_tsc arch_perfmon pebs bts rep_good nopl xtopology nonstop_tsc cpuid aperfmperf pni pclmulqdq dtes64 monitor ds_cpl vmx smx est tm2 ssse3 sdbg fma cx16 xtpr pdcm pcid sse4_1 sse4_2 x2apic movbe popcnt tsc_deadline_timer aes xsave avx f16c rdrand lahf_lm abm 3dnowprefetch cpuid_fault epb invpcid_single pti retpoline intel_pt spec_ctrl tpr_shadow vnmi flexpriority ept vpid fsgsbase tsc_adjust bmi1 hle avx2 smep bmi2 erms invpcid rtm rdseed adx smap xsaveopt dtherm ida arat pln pts
bugs		: cpu_meltdown spectre_v1 spectre_v2 spec_store_bypass
bogomips	: 5188.09
clflush size	: 64
cache_alignment	: 64
address sizes	: 39 bits physical, 48 bits virtual
power management:

processor	: 3
vendor_id	: GenuineIntel
cpu family	: 6
model		: 61
model name	: Intel(R) Core(TM) i7-5600U CPU @ 2.60GHz
stepping	: 4
microcode	: 0x2a
cpu MHz		: 2656.970
cache size	: 4096 KB
physical id	: 0
siblings	: 4
core id		: 1
cpu cores	: 2
apicid		: 3
initial apicid	: 3
fpu		: yes
fpu_exception	: yes
cpuid level	: 20
wp		: yes
flags		: fpu vme de pse tsc msr pae mce cx8 apic sep mtrr pge mca cmov pat pse36 clflush dts acpi mmx fxsr sse sse2 ss ht tm pbe syscall nx pdpe1gb rdtscp lm constant_tsc arch_perfmon pebs bts rep_good nopl xtopology nonstop_tsc cpuid aperfmperf pni pclmulqdq dtes64 monitor ds_cpl vmx smx est tm2 ssse3 sdbg fma cx16 xtpr pdcm pcid sse4_1 sse4_2 x2apic movbe popcnt tsc_deadline_timer aes xsave avx f16c rdrand lahf_lm abm 3dnowprefetch cpuid_fault epb invpcid_single pti retpoline intel_pt spec_ctrl tpr_shadow vnmi flexpriority ept vpid fsgsbase tsc_adjust bmi1 hle avx2 smep bmi2 erms invpcid rtm rdseed adx smap xsaveopt dtherm ida arat pln pts
bugs		: cpu_meltdown spectre_v1 spectre_v2 spec_store_bypass
bogomips	: 5188.09
clflush size	: 64
cache_alignment	: 64
address sizes	: 39 bits physical, 48 bits virtual
power management:



Memory: 4k page, physical 7680388k(122688k free), swap 2097148k(104876k free)

vm_info: OpenJDK 64-Bit Server VM (25.171-b11) for linux-amd64 JRE (1.8.0_171-8u171-b11-0ubuntu0.17.10.1-b11), built on Apr 26 2018 15:59:34 by "buildd" with gcc 7.2.0

time: Mon Oct 15 18:38:11 2018
elapsed time: 0 seconds (0d 0h 0m 0s)

